<?xml version="1.0" encoding="UTF-8"?>
<!-- Generated by org.testng.reporters.JUnitXMLReporter -->
<testsuite ignored="8" hostname="E13KOLMR0008" failures="1" tests="5" name="Surefire test" time="74.843" errors="0" timestamp="2025-07-04T12:50:49 IST">
  <testcase classname="contactUs.AE_TC_006_Test" name="contactUsForm" time="9.81"/>
  <testcase classname="home.AE_TC_010_Test" name="emailSubscription" time="1.199"/>
  <testcase classname="products.AE_TC_008_Test" name="verifyProducts" time="2.614">
    <failure type="java.lang.AssertionError" message="Product page is not displayed as expected expected [Automation Exercise] but found [Automation Exercise - All Products]">
      <![CDATA[java.lang.AssertionError: Product page is not displayed as expected expected [Automation Exercise] but found [Automation Exercise - All Products]
at products.AE_TC_008_Test.verifyProducts(AE_TC_008_Test.java:25)
at java.base/java.util.ArrayList.forEach(ArrayList.java:1597)
... Removed 35 stack frames]]>
    </failure>
  </testcase> <!-- verifyProducts -->
  <testcase classname="products.AE_TC_009_Test" name="searchProduct" time="6.588"/>
  <testcase classname="testCases.AE_TC_007_Test" name="verifyTestCasesPage" time="1.279"/>
  <testcase classname="genericUtility.BaseClass" name="@BeforeSuite reportConfiguration" time="0.0">
    <ignored/>
  </testcase> <!-- @BeforeSuite reportConfiguration -->
  <testcase classname="genericUtility.BaseClass" name="@AfterSuite reportBackup" time="0.0">
    <ignored/>
  </testcase> <!-- @AfterSuite reportBackup -->
  <testcase classname="genericUtility.BaseClass" name="@AfterSuite reportBackup" time="0.0">
    <ignored/>
  </testcase> <!-- @AfterSuite reportBackup -->
  <testcase classname="genericUtility.BaseClass" name="@BeforeSuite reportConfiguration" time="0.0">
    <ignored/>
  </testcase> <!-- @BeforeSuite reportConfiguration -->
  <testcase classname="genericUtility.BaseClass" name="@AfterSuite reportBackup" time="0.0">
    <ignored/>
  </testcase> <!-- @AfterSuite reportBackup -->
  <testcase classname="genericUtility.BaseClass" name="@BeforeSuite reportConfiguration" time="0.0">
    <ignored/>
  </testcase> <!-- @BeforeSuite reportConfiguration -->
  <testcase classname="genericUtility.BaseClass" name="@BeforeSuite reportConfiguration" time="0.0">
    <ignored/>
  </testcase> <!-- @BeforeSuite reportConfiguration -->
  <testcase classname="genericUtility.BaseClass" name="@AfterSuite reportBackup" time="0.0">
    <ignored/>
  </testcase> <!-- @AfterSuite reportBackup -->
</testsuite> <!-- Surefire test -->
