<?xml version="1.0" encoding="UTF-8"?>
<testng-results ignored="0" total="5" passed="4" failed="1" skipped="0">
  <reporter-output>
  </reporter-output>
  <suite started-at="2025-07-04T12:49:34 IST" name="Surefire suite" finished-at="2025-07-04T12:50:49 IST" duration-ms="74843">
    <groups>
    </groups>
    <test started-at="2025-07-04T12:49:34 IST" name="Surefire test" finished-at="2025-07-04T12:50:49 IST" duration-ms="74843">
      <class name="products.AE_TC_008_Test">
        <test-method is-config="true" signature="openBrowser()[pri:0, instance:products.AE_TC_008_Test@1afd44cb]" started-at="2025-07-04T12:50:20 IST" name="openBrowser" finished-at="2025-07-04T12:50:25 IST" duration-ms="5149" status="PASS">
          <reporter-output>
          </reporter-output>
        </test-method> <!-- openBrowser -->
        <test-method signature="verifyProducts()[pri:0, instance:products.AE_TC_008_Test@1afd44cb]" started-at="2025-07-04T12:50:25 IST" name="verifyProducts" finished-at="2025-07-04T12:50:28 IST" duration-ms="2614" status="FAIL">
          <exception class="java.lang.AssertionError">
            <message>
              <![CDATA[Product page is not displayed as expected expected [Automation Exercise] but found [Automation Exercise - All Products]]]>
            </message>
            <full-stacktrace>
              <![CDATA[java.lang.AssertionError: Product page is not displayed as expected expected [Automation Exercise] but found [Automation Exercise - All Products]
at org.testng.Assert.fail(Assert.java:111)
at org.testng.Assert.failNotEquals(Assert.java:1590)
at org.testng.Assert.assertEqualsImpl(Assert.java:150)
at org.testng.Assert.assertEquals(Assert.java:132)
at org.testng.Assert.assertEquals(Assert.java:656)
at products.AE_TC_008_Test.verifyProducts(AE_TC_008_Test.java:25)
at java.base/jdk.internal.reflect.DirectMethodHandleAccessor.invoke(DirectMethodHandleAccessor.java:103)
at java.base/java.lang.reflect.Method.invoke(Method.java:580)
at org.testng.internal.invokers.MethodInvocationHelper.invokeMethod(MethodInvocationHelper.java:141)
at org.testng.internal.invokers.TestInvoker.invokeMethod(TestInvoker.java:687)
at org.testng.internal.invokers.TestInvoker.invokeTestMethod(TestInvoker.java:230)
at org.testng.internal.invokers.MethodRunner.runInSequence(MethodRunner.java:63)
at org.testng.internal.invokers.TestInvoker$MethodInvocationAgent.invoke(TestInvoker.java:995)
at org.testng.internal.invokers.TestInvoker.invokeTestMethods(TestInvoker.java:203)
at org.testng.internal.invokers.TestMethodWorker.invokeTestMethods(TestMethodWorker.java:154)
at org.testng.internal.invokers.TestMethodWorker.run(TestMethodWorker.java:134)
at java.base/java.util.ArrayList.forEach(ArrayList.java:1597)
at org.testng.TestRunner.privateRun(TestRunner.java:741)
at org.testng.TestRunner.run(TestRunner.java:616)
at org.testng.SuiteRunner.runTest(SuiteRunner.java:421)
at org.testng.SuiteRunner.runSequentially(SuiteRunner.java:413)
at org.testng.SuiteRunner.privateRun(SuiteRunner.java:373)
at org.testng.SuiteRunner.run(SuiteRunner.java:312)
at org.testng.SuiteRunnerWorker.runSuite(SuiteRunnerWorker.java:52)
at org.testng.SuiteRunnerWorker.run(SuiteRunnerWorker.java:95)
at org.testng.TestNG.runSuitesSequentially(TestNG.java:1274)
at org.testng.TestNG.runSuitesLocally(TestNG.java:1208)
at org.testng.TestNG.runSuites(TestNG.java:1112)
at org.testng.TestNG.run(TestNG.java:1079)
at org.apache.maven.surefire.testng.TestNGExecutor.run(TestNGExecutor.java:155)
at org.apache.maven.surefire.testng.TestNGDirectoryTestSuite.executeMulti(TestNGDirectoryTestSuite.java:169)
at org.apache.maven.surefire.testng.TestNGDirectoryTestSuite.execute(TestNGDirectoryTestSuite.java:88)
at org.apache.maven.surefire.testng.TestNGProvider.invoke(TestNGProvider.java:137)
at org.apache.maven.surefire.booter.ForkedBooter.runSuitesInProcess(ForkedBooter.java:385)
at org.apache.maven.surefire.booter.ForkedBooter.execute(ForkedBooter.java:162)
at org.apache.maven.surefire.booter.ForkedBooter.run(ForkedBooter.java:507)
at org.apache.maven.surefire.booter.ForkedBooter.main(ForkedBooter.java:495)
]]>
            </full-stacktrace>
          </exception> <!-- java.lang.AssertionError -->
          <reporter-output>
          </reporter-output>
        </test-method> <!-- verifyProducts -->
        <test-method is-config="true" signature="closeBrowser()[pri:0, instance:products.AE_TC_008_Test@1afd44cb]" started-at="2025-07-04T12:50:28 IST" name="closeBrowser" finished-at="2025-07-04T12:50:29 IST" duration-ms="605" status="PASS">
          <reporter-output>
          </reporter-output>
        </test-method> <!-- closeBrowser -->
      </class> <!-- products.AE_TC_008_Test -->
      <class name="testCases.AE_TC_007_Test">
        <test-method is-config="true" signature="openBrowser()[pri:0, instance:testCases.AE_TC_007_Test@1ab3a8c8]" started-at="2025-07-04T12:50:42 IST" name="openBrowser" finished-at="2025-07-04T12:50:47 IST" duration-ms="5305" status="PASS">
          <reporter-output>
          </reporter-output>
        </test-method> <!-- openBrowser -->
        <test-method signature="verifyTestCasesPage()[pri:0, instance:testCases.AE_TC_007_Test@1ab3a8c8]" started-at="2025-07-04T12:50:47 IST" name="verifyTestCasesPage" finished-at="2025-07-04T12:50:49 IST" duration-ms="1279" status="PASS">
          <reporter-output>
          </reporter-output>
        </test-method> <!-- verifyTestCasesPage -->
        <test-method is-config="true" signature="closeBrowser()[pri:0, instance:testCases.AE_TC_007_Test@1ab3a8c8]" started-at="2025-07-04T12:50:49 IST" name="closeBrowser" finished-at="2025-07-04T12:50:49 IST" duration-ms="455" status="PASS">
          <reporter-output>
          </reporter-output>
        </test-method> <!-- closeBrowser -->
      </class> <!-- testCases.AE_TC_007_Test -->
      <class name="home.AE_TC_010_Test">
        <test-method is-config="true" signature="openBrowser()[pri:0, instance:home.AE_TC_010_Test@72057ecf]" started-at="2025-07-04T12:49:51 IST" name="openBrowser" finished-at="2025-07-04T12:50:18 IST" duration-ms="26842" status="PASS">
          <reporter-output>
          </reporter-output>
        </test-method> <!-- openBrowser -->
        <test-method signature="emailSubscription()[pri:0, instance:home.AE_TC_010_Test@72057ecf]" started-at="2025-07-04T12:50:18 IST" name="emailSubscription" finished-at="2025-07-04T12:50:19 IST" duration-ms="1199" status="PASS">
          <reporter-output>
          </reporter-output>
        </test-method> <!-- emailSubscription -->
        <test-method is-config="true" signature="closeBrowser()[pri:0, instance:home.AE_TC_010_Test@72057ecf]" started-at="2025-07-04T12:50:19 IST" name="closeBrowser" finished-at="2025-07-04T12:50:20 IST" duration-ms="511" status="PASS">
          <reporter-output>
          </reporter-output>
        </test-method> <!-- closeBrowser -->
      </class> <!-- home.AE_TC_010_Test -->
      <class name="products.AE_TC_009_Test">
        <test-method is-config="true" signature="openBrowser()[pri:0, instance:products.AE_TC_009_Test@6973b51b]" started-at="2025-07-04T12:50:29 IST" name="openBrowser" finished-at="2025-07-04T12:50:35 IST" duration-ms="5942" status="PASS">
          <reporter-output>
          </reporter-output>
        </test-method> <!-- openBrowser -->
        <test-method signature="searchProduct()[pri:0, instance:products.AE_TC_009_Test@6973b51b]" started-at="2025-07-04T12:50:35 IST" name="searchProduct" finished-at="2025-07-04T12:50:41 IST" duration-ms="6588" status="PASS">
          <reporter-output>
          </reporter-output>
        </test-method> <!-- searchProduct -->
        <test-method is-config="true" signature="closeBrowser()[pri:0, instance:products.AE_TC_009_Test@6973b51b]" started-at="2025-07-04T12:50:41 IST" name="closeBrowser" finished-at="2025-07-04T12:50:42 IST" duration-ms="530" status="PASS">
          <reporter-output>
          </reporter-output>
        </test-method> <!-- closeBrowser -->
      </class> <!-- products.AE_TC_009_Test -->
      <class name="contactUs.AE_TC_006_Test">
        <test-method is-config="true" signature="reportConfiguration()[pri:0, instance:contactUs.AE_TC_006_Test@393671df]" started-at="2025-07-04T12:49:33 IST" name="reportConfiguration" finished-at="2025-07-04T12:49:34 IST" duration-ms="928" status="PASS">
          <reporter-output>
          </reporter-output>
        </test-method> <!-- reportConfiguration -->
        <test-method is-config="true" signature="openBrowser()[pri:0, instance:contactUs.AE_TC_006_Test@393671df]" started-at="2025-07-04T12:49:34 IST" name="openBrowser" finished-at="2025-07-04T12:49:41 IST" duration-ms="6557" status="PASS">
          <reporter-output>
          </reporter-output>
        </test-method> <!-- openBrowser -->
        <test-method signature="contactUsForm()[pri:0, instance:contactUs.AE_TC_006_Test@393671df]" started-at="2025-07-04T12:49:41 IST" name="contactUsForm" finished-at="2025-07-04T12:49:51 IST" duration-ms="9810" status="PASS">
          <reporter-output>
          </reporter-output>
        </test-method> <!-- contactUsForm -->
        <test-method is-config="true" signature="closeBrowser()[pri:0, instance:contactUs.AE_TC_006_Test@393671df]" started-at="2025-07-04T12:49:51 IST" name="closeBrowser" finished-at="2025-07-04T12:49:51 IST" duration-ms="623" status="PASS">
          <reporter-output>
          </reporter-output>
        </test-method> <!-- closeBrowser -->
        <test-method is-config="true" signature="reportBackup()[pri:0, instance:contactUs.AE_TC_006_Test@393671df]" started-at="2025-07-04T12:50:49 IST" name="reportBackup" finished-at="2025-07-04T12:50:50 IST" duration-ms="769" status="PASS">
          <reporter-output>
          </reporter-output>
        </test-method> <!-- reportBackup -->
      </class> <!-- contactUs.AE_TC_006_Test -->
    </test> <!-- Surefire test -->
  </suite> <!-- Surefire suite -->
</testng-results>
